<?xml version="1.0" encoding="UTF-8"?>
<!-- Generated by org.testng.reporters.JUnitXMLReporter -->
<testsuite hostname="5CG015F7MK" ignored="0" name="Test" tests="3" failures="0" timestamp="21 Feb 2024 18:34:22 GMT" time="32.583" errors="0">
  <testcase name="Test1" time="3.339" classname="com.AutomationJamal.demoProject1.TestClass1"/>
  <testcase name="Test2" time="3.945" classname="com.AutomationJamal.demoProject1.TestClass1"/>
  <testcase name="Test3" time="3.201" classname="com.AutomationJamal.demoProject1.TestClass1"/>
</testsuite> <!-- Test -->
