<?xml version="1.0" encoding="UTF-8"?>
<testng-results skipped="0" failed="0" ignored="0" total="3" passed="3">
  <reporter-output>
  </reporter-output>
  <suite name="Suite" duration-ms="34907" started-at="2024-02-21T18:40:02Z" finished-at="2024-02-21T18:40:37Z">
    <groups>
    </groups>
    <test name="Test" duration-ms="34907" started-at="2024-02-21T18:40:02Z" finished-at="2024-02-21T18:40:37Z">
      <class name="com.AutomationJamal.demoProject1.TestClass1">
        <test-method status="PASS" signature="launchDriver()[pri:0, instance:com.AutomationJamal.demoProject1.TestClass1@6eda5c9]" name="launchDriver" is-config="true" duration-ms="5844" started-at="2024-02-21T18:40:02Z" finished-at="2024-02-21T18:40:08Z">
          <reporter-output>
          </reporter-output>
        </test-method> <!-- launchDriver -->
        <test-method status="PASS" signature="Test1()[pri:0, instance:com.AutomationJamal.demoProject1.TestClass1@6eda5c9]" name="Test1" duration-ms="4800" started-at="2024-02-21T18:40:08Z" finished-at="2024-02-21T18:40:13Z">
          <reporter-output>
          </reporter-output>
        </test-method> <!-- Test1 -->
        <test-method status="PASS" signature="quit()[pri:0, instance:com.AutomationJamal.demoProject1.TestClass1@6eda5c9]" name="quit" is-config="true" duration-ms="2246" started-at="2024-02-21T18:40:13Z" finished-at="2024-02-21T18:40:15Z">
          <reporter-output>
          </reporter-output>
        </test-method> <!-- quit -->
        <test-method status="PASS" signature="launchDriver()[pri:0, instance:com.AutomationJamal.demoProject1.TestClass1@6eda5c9]" name="launchDriver" is-config="true" duration-ms="5016" started-at="2024-02-21T18:40:15Z" finished-at="2024-02-21T18:40:20Z">
          <reporter-output>
          </reporter-output>
        </test-method> <!-- launchDriver -->
        <test-method status="PASS" signature="Test2()[pri:0, instance:com.AutomationJamal.demoProject1.TestClass1@6eda5c9]" name="Test2" duration-ms="3820" started-at="2024-02-21T18:40:20Z" finished-at="2024-02-21T18:40:24Z">
          <reporter-output>
          </reporter-output>
        </test-method> <!-- Test2 -->
        <test-method status="PASS" signature="quit()[pri:0, instance:com.AutomationJamal.demoProject1.TestClass1@6eda5c9]" name="quit" is-config="true" duration-ms="1780" started-at="2024-02-21T18:40:24Z" finished-at="2024-02-21T18:40:26Z">
          <reporter-output>
          </reporter-output>
        </test-method> <!-- quit -->
        <test-method status="PASS" signature="launchDriver()[pri:0, instance:com.AutomationJamal.demoProject1.TestClass1@6eda5c9]" name="launchDriver" is-config="true" duration-ms="4862" started-at="2024-02-21T18:40:26Z" finished-at="2024-02-21T18:40:31Z">
          <reporter-output>
          </reporter-output>
        </test-method> <!-- launchDriver -->
        <test-method status="PASS" signature="Test3()[pri:0, instance:com.AutomationJamal.demoProject1.TestClass1@6eda5c9]" name="Test3" duration-ms="4596" started-at="2024-02-21T18:40:31Z" finished-at="2024-02-21T18:40:35Z">
          <reporter-output>
          </reporter-output>
        </test-method> <!-- Test3 -->
        <test-method status="PASS" signature="quit()[pri:0, instance:com.AutomationJamal.demoProject1.TestClass1@6eda5c9]" name="quit" is-config="true" duration-ms="1905" started-at="2024-02-21T18:40:35Z" finished-at="2024-02-21T18:40:37Z">
          <reporter-output>
          </reporter-output>
        </test-method> <!-- quit -->
      </class> <!-- com.AutomationJamal.demoProject1.TestClass1 -->
    </test> <!-- Test -->
  </suite> <!-- Suite -->
</testng-results>
